build/app/intermediates/manifest_merge_blame_file/debug/manifest-merger-blame-debug-report.txt
1<?xml version="1.0" encoding="utf-8"?>
2<manifest xmlns:android="http://schemas.android.com/apk/res/android"
3    package="com.technion.android.hellome.startup_namer"
4    android:versionCode="1"
5    android:versionName="1.0.0" >
6
7    <uses-sdk
8        android:minSdkVersion="19"
9        android:targetSdkVersion="30" />
10    <!--
11         Flutter needs it to communicate with the running application
12         to allow setting breakpoints, to provide hot reload, etc.
13    -->
14    <uses-permission android:name="android.permission.INTERNET" />
14-->src\debug\AndroidManifest.xml:6:5-66
14-->src\debug\AndroidManifest.xml:6:22-64
15    <uses-permission android:name="android.permission.READ_EXTERNAL_STORAGE" />
15-->[:file_picker] AndroidManifest.xml:7:5-80
15-->[:file_picker] AndroidManifest.xml:7:22-77
16
17    <queries>
17-->[:file_picker] AndroidManifest.xml:9:5-15:15
18        <intent>
18-->[:file_picker] AndroidManifest.xml:10:9-14:18
19            <action android:name="android.intent.action.GET_CONTENT" />
19-->[:file_picker] AndroidManifest.xml:11:13-72
19-->[:file_picker] AndroidManifest.xml:11:21-69
20
21            <data android:mimeType="*/*" />
21-->[:file_picker] AndroidManifest.xml:13:13-44
21-->[:file_picker] AndroidManifest.xml:13:19-41
22        </intent>
23    </queries>
24
25    <uses-permission android:name="android.permission.ACCESS_NETWORK_STATE" />
25-->[com.google.firebase:firebase-auth:21.0.1] AndroidManifest.xml:24:5-79
25-->[com.google.firebase:firebase-auth:21.0.1] AndroidManifest.xml:24:22-76
26
27    <application
27-->src\main\AndroidManifest.xml:3:4-40:19
28        android:name="androidx.multidex.MultiDexApplication"
29        android:appComponentFactory="androidx.core.app.CoreComponentFactory"
29-->[androidx.core:core:1.1.0] AndroidManifest.xml:24:18-86
30        android:debuggable="true"
31        android:icon="@mipmap/ic_launcher"
31-->src\main\AndroidManifest.xml:5:9-43
32        android:label="startup_namer" >
32-->src\main\AndroidManifest.xml:4:9-38
33        <activity
33-->src\main\AndroidManifest.xml:6:9-34:20
34            android:name="com.technion.android.hellome.startup_namer.MainActivity"
34-->src\main\AndroidManifest.xml:7:13-41
35            android:configChanges="orientation|keyboardHidden|keyboard|screenSize|smallestScreenSize|locale|layoutDirection|fontScale|screenLayout|density|uiMode"
35-->src\main\AndroidManifest.xml:10:13-163
36            android:hardwareAccelerated="true"
36-->src\main\AndroidManifest.xml:11:13-47
37            android:launchMode="singleTop"
37-->src\main\AndroidManifest.xml:8:13-43
38            android:theme="@style/LaunchTheme"
38-->src\main\AndroidManifest.xml:9:13-47
39            android:windowSoftInputMode="adjustResize" >
39-->src\main\AndroidManifest.xml:12:13-55
40
41            <!--
42                 Specifies an Android theme to apply to this Activity as soon as
43                 the Android process has started. This theme is visible to the user
44                 while the Flutter UI initializes. After that, this theme continues
45                 to determine the Window background behind the Flutter UI.
46            -->
47            <meta-data
47-->src\main\AndroidManifest.xml:17:13-20:17
48                android:name="io.flutter.embedding.android.NormalTheme"
48-->src\main\AndroidManifest.xml:18:15-70
49                android:resource="@style/NormalTheme" />
49-->src\main\AndroidManifest.xml:19:15-52
50            <!--
51                 Displays an Android View that continues showing the launch screen
52                 Drawable until Flutter paints its first frame, then this splash
53                 screen fades out. A splash screen is useful to avoid any visual
54                 gap between the end of Android's launch screen and the painting of
55                 Flutter's first frame.
56            -->
57            <meta-data
57-->src\main\AndroidManifest.xml:26:13-29:17
58                android:name="io.flutter.embedding.android.SplashScreenDrawable"
58-->src\main\AndroidManifest.xml:27:15-79
59                android:resource="@drawable/launch_background" />
59-->src\main\AndroidManifest.xml:28:15-61
60
61            <intent-filter>
61-->src\main\AndroidManifest.xml:30:13-33:29
62                <action android:name="android.intent.action.MAIN" />
62-->src\main\AndroidManifest.xml:31:17-68
62-->src\main\AndroidManifest.xml:31:25-66
63
64                <category android:name="android.intent.category.LAUNCHER" />
64-->src\main\AndroidManifest.xml:32:17-76
64-->src\main\AndroidManifest.xml:32:27-74
65            </intent-filter>
66        </activity>
67        <!--
68             Don't delete the meta-data below.
69             This is used by the Flutter tool to generate GeneratedPluginRegistrant.java
70        -->
71        <meta-data
71-->src\main\AndroidManifest.xml:37:9-39:33
72            android:name="flutterEmbedding"
72-->src\main\AndroidManifest.xml:38:13-44
73            android:value="2" />
73-->src\main\AndroidManifest.xml:39:13-30
74
75        <service
75-->[:firebase_auth] AndroidManifest.xml:8:9-12:19
76            android:name="com.google.firebase.components.ComponentDiscoveryService"
76-->[:firebase_auth] AndroidManifest.xml:8:18-89
77            android:directBootAware="true"
77-->[com.google.firebase:firebase-common:20.0.0] AndroidManifest.xml:35:13-43
78            android:exported="false" >
78-->[com.google.firebase:firebase-auth:21.0.1] AndroidManifest.xml:76:13-37
79            <meta-data
79-->[:firebase_auth] AndroidManifest.xml:9:13-11:85
80                android:name="com.google.firebase.components:io.flutter.plugins.firebase.auth.FlutterFirebaseAuthRegistrar"
80-->[:firebase_auth] AndroidManifest.xml:10:17-124
81                android:value="com.google.firebase.components.ComponentRegistrar" />
81-->[:firebase_auth] AndroidManifest.xml:11:17-82
82            <meta-data
82-->[:firebase_storage] AndroidManifest.xml:9:13-11:85
83                android:name="com.google.firebase.components:io.flutter.plugins.firebase.storage.FlutterFirebaseAppRegistrar"
83-->[:firebase_storage] AndroidManifest.xml:10:17-126
84                android:value="com.google.firebase.components.ComponentRegistrar" />
84-->[:firebase_storage] AndroidManifest.xml:11:17-82
85            <meta-data
85-->[:cloud_firestore] AndroidManifest.xml:9:13-11:85
86                android:name="com.google.firebase.components:io.flutter.plugins.firebase.firestore.FlutterFirebaseFirestoreRegistrar"
86-->[:cloud_firestore] AndroidManifest.xml:10:17-134
87                android:value="com.google.firebase.components.ComponentRegistrar" />
87-->[:cloud_firestore] AndroidManifest.xml:11:17-82
88            <meta-data
88-->[:firebase_core] AndroidManifest.xml:9:13-11:85
89                android:name="com.google.firebase.components:io.flutter.plugins.firebase.core.FlutterFirebaseCoreRegistrar"
89-->[:firebase_core] AndroidManifest.xml:10:17-124
90                android:value="com.google.firebase.components.ComponentRegistrar" />
90-->[:firebase_core] AndroidManifest.xml:11:17-82
91            <meta-data
91-->[com.google.firebase:firebase-auth:21.0.1] AndroidManifest.xml:77:13-79:85
92                android:name="com.google.firebase.components:com.google.firebase.auth.FirebaseAuthRegistrar"
92-->[com.google.firebase:firebase-auth:21.0.1] AndroidManifest.xml:78:17-109
93                android:value="com.google.firebase.components.ComponentRegistrar" />
93-->[com.google.firebase:firebase-auth:21.0.1] AndroidManifest.xml:79:17-82
94            <meta-data
94-->[com.google.firebase:firebase-firestore:24.0.0] AndroidManifest.xml:20:13-22:85
95                android:name="com.google.firebase.components:com.google.firebase.firestore.FirestoreRegistrar"
95-->[com.google.firebase:firebase-firestore:24.0.0] AndroidManifest.xml:21:17-111
96                android:value="com.google.firebase.components.ComponentRegistrar" />
96-->[com.google.firebase:firebase-firestore:24.0.0] AndroidManifest.xml:22:17-82
97            <meta-data
97-->[com.google.firebase:firebase-storage:20.0.0] AndroidManifest.xml:33:13-35:85
98                android:name="com.google.firebase.components:com.google.firebase.storage.StorageRegistrar"
98-->[com.google.firebase:firebase-storage:20.0.0] AndroidManifest.xml:34:17-107
99                android:value="com.google.firebase.components.ComponentRegistrar" />
99-->[com.google.firebase:firebase-storage:20.0.0] AndroidManifest.xml:35:17-82
100        </service>
101
102        <activity
102-->[com.google.firebase:firebase-auth:21.0.1] AndroidManifest.xml:27:9-44:20
103            android:name="com.google.firebase.auth.internal.GenericIdpActivity"
103-->[com.google.firebase:firebase-auth:21.0.1] AndroidManifest.xml:28:13-80
104            android:excludeFromRecents="true"
104-->[com.google.firebase:firebase-auth:21.0.1] AndroidManifest.xml:29:13-46
105            android:exported="true"
105-->[com.google.firebase:firebase-auth:21.0.1] AndroidManifest.xml:30:13-36
106            android:launchMode="singleTask"
106-->[com.google.firebase:firebase-auth:21.0.1] AndroidManifest.xml:31:13-44
107            android:theme="@android:style/Theme.Translucent.NoTitleBar" >
107-->[com.google.firebase:firebase-auth:21.0.1] AndroidManifest.xml:32:13-72
108            <intent-filter>
108-->[com.google.firebase:firebase-auth:21.0.1] AndroidManifest.xml:33:13-43:29
109                <action android:name="android.intent.action.VIEW" />
109-->[com.google.firebase:firebase-auth:21.0.1] AndroidManifest.xml:34:17-69
109-->[com.google.firebase:firebase-auth:21.0.1] AndroidManifest.xml:34:25-66
110
111                <category android:name="android.intent.category.DEFAULT" />
111-->[com.google.firebase:firebase-auth:21.0.1] AndroidManifest.xml:36:17-76
111-->[com.google.firebase:firebase-auth:21.0.1] AndroidManifest.xml:36:27-73
112                <category android:name="android.intent.category.BROWSABLE" />
112-->[com.google.firebase:firebase-auth:21.0.1] AndroidManifest.xml:37:17-78
112-->[com.google.firebase:firebase-auth:21.0.1] AndroidManifest.xml:37:27-75
113
114                <data
114-->[:file_picker] AndroidManifest.xml:13:13-44
115                    android:host="firebase.auth"
116                    android:path="/"
117                    android:scheme="genericidp" />
118            </intent-filter>
119        </activity>
120        <activity
120-->[com.google.firebase:firebase-auth:21.0.1] AndroidManifest.xml:45:9-62:20
121            android:name="com.google.firebase.auth.internal.RecaptchaActivity"
121-->[com.google.firebase:firebase-auth:21.0.1] AndroidManifest.xml:46:13-79
122            android:excludeFromRecents="true"
122-->[com.google.firebase:firebase-auth:21.0.1] AndroidManifest.xml:47:13-46
123            android:exported="true"
123-->[com.google.firebase:firebase-auth:21.0.1] AndroidManifest.xml:48:13-36
124            android:launchMode="singleTask"
124-->[com.google.firebase:firebase-auth:21.0.1] AndroidManifest.xml:49:13-44
125            android:theme="@android:style/Theme.Translucent.NoTitleBar" >
125-->[com.google.firebase:firebase-auth:21.0.1] AndroidManifest.xml:50:13-72
126            <intent-filter>
126-->[com.google.firebase:firebase-auth:21.0.1] AndroidManifest.xml:51:13-61:29
127                <action android:name="android.intent.action.VIEW" />
127-->[com.google.firebase:firebase-auth:21.0.1] AndroidManifest.xml:34:17-69
127-->[com.google.firebase:firebase-auth:21.0.1] AndroidManifest.xml:34:25-66
128
129                <category android:name="android.intent.category.DEFAULT" />
129-->[com.google.firebase:firebase-auth:21.0.1] AndroidManifest.xml:36:17-76
129-->[com.google.firebase:firebase-auth:21.0.1] AndroidManifest.xml:36:27-73
130                <category android:name="android.intent.category.BROWSABLE" />
130-->[com.google.firebase:firebase-auth:21.0.1] AndroidManifest.xml:37:17-78
130-->[com.google.firebase:firebase-auth:21.0.1] AndroidManifest.xml:37:27-75
131
132                <data
132-->[:file_picker] AndroidManifest.xml:13:13-44
133                    android:host="firebase.auth"
134                    android:path="/"
135                    android:scheme="recaptcha" />
136            </intent-filter>
137        </activity>
138
139        <service
139-->[com.google.firebase:firebase-auth:21.0.1] AndroidManifest.xml:64:9-73:19
140            android:name="com.google.firebase.auth.api.fallback.service.FirebaseAuthFallbackService"
140-->[com.google.firebase:firebase-auth:21.0.1] AndroidManifest.xml:65:13-101
141            android:enabled="true"
141-->[com.google.firebase:firebase-auth:21.0.1] AndroidManifest.xml:66:13-35
142            android:exported="false" >
142-->[com.google.firebase:firebase-auth:21.0.1] AndroidManifest.xml:67:13-37
143            <intent-filter>
143-->[com.google.firebase:firebase-auth:21.0.1] AndroidManifest.xml:68:13-72:29
144                <action android:name="com.google.firebase.auth.api.gms.service.START" />
144-->[com.google.firebase:firebase-auth:21.0.1] AndroidManifest.xml:69:17-89
144-->[com.google.firebase:firebase-auth:21.0.1] AndroidManifest.xml:69:25-86
145
146                <category android:name="android.intent.category.DEFAULT" />
146-->[com.google.firebase:firebase-auth:21.0.1] AndroidManifest.xml:36:17-76
146-->[com.google.firebase:firebase-auth:21.0.1] AndroidManifest.xml:36:27-73
147            </intent-filter>
148        </service>
149
150        <provider
150-->[com.google.firebase:firebase-common:20.0.0] AndroidManifest.xml:26:9-31:39
151            android:name="com.google.firebase.provider.FirebaseInitProvider"
151-->[com.google.firebase:firebase-common:20.0.0] AndroidManifest.xml:27:13-77
152            android:authorities="com.technion.android.hellome.startup_namer.firebaseinitprovider"
152-->[com.google.firebase:firebase-common:20.0.0] AndroidManifest.xml:28:13-72
153            android:directBootAware="true"
153-->[com.google.firebase:firebase-common:20.0.0] AndroidManifest.xml:29:13-43
154            android:exported="false"
154-->[com.google.firebase:firebase-common:20.0.0] AndroidManifest.xml:30:13-37
155            android:initOrder="100" />
155-->[com.google.firebase:firebase-common:20.0.0] AndroidManifest.xml:31:13-36
156
157        <activity
157-->[com.google.android.gms:play-services-base:17.1.0] AndroidManifest.xml:23:9-26:75
158            android:name="com.google.android.gms.common.api.GoogleApiActivity"
158-->[com.google.android.gms:play-services-base:17.1.0] AndroidManifest.xml:24:13-79
159            android:exported="false"
159-->[com.google.android.gms:play-services-base:17.1.0] AndroidManifest.xml:25:13-37
160            android:theme="@android:style/Theme.Translucent.NoTitleBar" />
160-->[com.google.android.gms:play-services-base:17.1.0] AndroidManifest.xml:26:13-72
161
162        <meta-data
162-->[com.google.android.gms:play-services-basement:17.1.0] AndroidManifest.xml:23:9-25:69
163            android:name="com.google.android.gms.version"
163-->[com.google.android.gms:play-services-basement:17.1.0] AndroidManifest.xml:24:13-58
164            android:value="@integer/google_play_services_version" />
164-->[com.google.android.gms:play-services-basement:17.1.0] AndroidManifest.xml:25:13-66
165    </application>
166
167</manifest>